  ThreadlessInject-C.c
D:\Downloads\Github\IndirectThreadlessInject\ThreadlessInject-C\ThreadlessInject-C.c(22,50): warning C4047: 'function': 'DWORD' differs in levels of indirection from 'void *'
D:\Downloads\Github\IndirectThreadlessInject\ThreadlessInject-C\ThreadlessInject-C.c(22,46): warning C4024: 'SHGetFolderPathW': different types for formal and actual parameter 4
D:\Downloads\Github\IndirectThreadlessInject\ThreadlessInject-C\ThreadlessInject-C.c(197,128): warning C4133: 'function': incompatible types - from 'int *' to 'SIZE_T *'
D:\Downloads\Github\IndirectThreadlessInject\ThreadlessInject-C\ThreadlessInject-C.c(206,23): warning C4047: 'function': 'unsigned char *' differs in levels of indirection from 'unsigned char (*)[162]'
D:\Downloads\Github\IndirectThreadlessInject\ThreadlessInject-C\ThreadlessInject-C.c(206,15): warning C4024: 'ConcatArrays': different types for formal and actual parameter 1
D:\Downloads\Github\IndirectThreadlessInject\ThreadlessInject-C\ThreadlessInject-C.c(206,42): warning C4047: 'function': 'const unsigned char *' differs in levels of indirection from 'unsigned char (*)[56]'
D:\Downloads\Github\IndirectThreadlessInject\ThreadlessInject-C\ThreadlessInject-C.c(206,25): warning C4024: 'ConcatArrays': different types for formal and actual parameter 2
D:\Downloads\Github\IndirectThreadlessInject\ThreadlessInject-C\ThreadlessInject-C.c(208,34): warning C4022: 'VirtualProtectEx': pointer mismatch for actual parameter 2
D:\Downloads\Github\IndirectThreadlessInject\ThreadlessInject-C\ThreadlessInject-C.c(210,10): warning C4477: 'printf' : format string '%p' requires an argument of type 'void *', but variadic argument 1 has type 'int64_t'
D:\Downloads\Github\IndirectThreadlessInject\ThreadlessInject-C\ThreadlessInject-C.c(214,36): warning C4022: 'WriteProcessMemory': pointer mismatch for actual parameter 2
D:\Downloads\Github\IndirectThreadlessInject\ThreadlessInject-C\ThreadlessInject-C.c(214,94): warning C4133: 'function': incompatible types - from 'int *' to 'SIZE_T *'
D:\Downloads\Github\IndirectThreadlessInject\ThreadlessInject-C\ThreadlessInject-C.c(216,10): warning C4477: 'printf' : format string '%p' requires an argument of type 'void *', but variadic argument 1 has type 'int64_t'
D:\Downloads\Github\IndirectThreadlessInject\ThreadlessInject-C\ThreadlessInject-C.c(220,34): warning C4022: 'VirtualProtectEx': pointer mismatch for actual parameter 2
D:\Downloads\Github\IndirectThreadlessInject\ThreadlessInject-C\ThreadlessInject-C.c(222,10): warning C4477: 'printf' : format string '%p' requires an argument of type 'void *', but variadic argument 1 has type 'int64_t'
D:\Downloads\Github\IndirectThreadlessInject\ThreadlessInject-C\ThreadlessInject-C.c(191,1): warning C4244: 'initializing': conversion from 'UINT_PTR' to 'int', possible loss of data
D:\Downloads\Github\IndirectThreadlessInject\ThreadlessInject-C\ThreadlessInject-C.c(248,28): warning C4047: '==': 'UINT_PTR' differs in levels of indirection from 'void *'
D:\Downloads\Github\IndirectThreadlessInject\ThreadlessInject-C\ThreadlessInject-C.c(258,10): warning C4477: 'printf' : format string '%p' requires an argument of type 'void *', but variadic argument 1 has type 'UINT_PTR'
D:\Downloads\Github\IndirectThreadlessInject\ThreadlessInject-C\ThreadlessInject-C.c(235,1): warning C4047: 'initializing': 'uint64_t' differs in levels of indirection from 'void **'
  Generating code
  1 of 19 functions ( 5.3%) were compiled, the rest were copied from previous compilation.
    0 functions were new in current compilation
    2 functions had inline decision re-evaluated but remain unchanged
  Finished generating code
  ThreadlessInject-C.vcxproj -> D:\Downloads\Github\IndirectThreadlessInject\x64\Release\ThreadlessInject-C.exe
